        -:    0:Source:/Applications/Xcode.app/Contents/Developer/Platforms/MacOSX.platform/Developer/SDKs/MacOSX.sdk/usr/include/c++/v1/string
        -:    0:Graph:a1q1.gcno
        -:    0:Data:a1q1.gcda
        -:    0:Runs:4
        -:    0:Programs:1
        -:    1:// -*- C++ -*-
        -:    2://===----------------------------------------------------------------------===//
        -:    3://
        -:    4:// Part of the LLVM Project, under the Apache License v2.0 with LLVM Exceptions.
        -:    5:// See https://llvm.org/LICENSE.txt for license information.
        -:    6:// SPDX-License-Identifier: Apache-2.0 WITH LLVM-exception
        -:    7://
        -:    8://===----------------------------------------------------------------------===//
        -:    9:
        -:   10:#ifndef _LIBCPP_STRING
        -:   11:#define _LIBCPP_STRING
        -:   12:
        -:   13:/*
        -:   14:    string synopsis
        -:   15:
        -:   16:#include <compare>
        -:   17:#include <initializer_list>
        -:   18:
        -:   19:namespace std
        -:   20:{
        -:   21:
        -:   22:template <class stateT>
        -:   23:class fpos
        -:   24:{
        -:   25:private:
        -:   26:    stateT st;
        -:   27:public:
        -:   28:    fpos(streamoff = streamoff());
        -:   29:
        -:   30:    operator streamoff() const;
        -:   31:
        -:   32:    stateT state() const;
        -:   33:    void state(stateT);
        -:   34:
        -:   35:    fpos& operator+=(streamoff);
        -:   36:    fpos  operator+ (streamoff) const;
        -:   37:    fpos& operator-=(streamoff);
        -:   38:    fpos  operator- (streamoff) const;
        -:   39:};
        -:   40:
        -:   41:template <class stateT> streamoff operator-(const fpos<stateT>& x, const fpos<stateT>& y);
        -:   42:
        -:   43:template <class stateT> bool operator==(const fpos<stateT>& x, const fpos<stateT>& y);
        -:   44:template <class stateT> bool operator!=(const fpos<stateT>& x, const fpos<stateT>& y);
        -:   45:
        -:   46:template <class charT>
        -:   47:struct char_traits
        -:   48:{
        -:   49:    using char_type           = charT;
        -:   50:    using int_type            = ...;
        -:   51:    using off_type            = streamoff;
        -:   52:    using pos_type            = streampos;
        -:   53:    using state_type          = mbstate_t;
        -:   54:    using comparison_category = strong_ordering; // Since C++20 only for the specializations
        -:   55:                                                 // char, wchar_t, char8_t, char16_t, and char32_t.
        -:   56:
        -:   57:    static void assign(char_type& c1, const char_type& c2) noexcept;
        -:   58:    static constexpr bool eq(char_type c1, char_type c2) noexcept;
        -:   59:    static constexpr bool lt(char_type c1, char_type c2) noexcept;
        -:   60:
        -:   61:    static int              compare(const char_type* s1, const char_type* s2, size_t n);
        -:   62:    static size_t           length(const char_type* s);
        -:   63:    static const char_type* find(const char_type* s, size_t n, const char_type& a);
        -:   64:    static char_type*       move(char_type* s1, const char_type* s2, size_t n);
        -:   65:    static char_type*       copy(char_type* s1, const char_type* s2, size_t n);
        -:   66:    static char_type*       assign(char_type* s, size_t n, char_type a);
        -:   67:
        -:   68:    static constexpr int_type  not_eof(int_type c) noexcept;
        -:   69:    static constexpr char_type to_char_type(int_type c) noexcept;
        -:   70:    static constexpr int_type  to_int_type(char_type c) noexcept;
        -:   71:    static constexpr bool      eq_int_type(int_type c1, int_type c2) noexcept;
        -:   72:    static constexpr int_type  eof() noexcept;
        -:   73:};
        -:   74:
        -:   75:template <> struct char_traits<char>;
        -:   76:template <> struct char_traits<wchar_t>;
        -:   77:template <> struct char_traits<char8_t>;  // C++20
        -:   78:template <> struct char_traits<char16_t>;
        -:   79:template <> struct char_traits<char32_t>;
        -:   80:
        -:   81:template<class charT, class traits = char_traits<charT>, class Allocator = allocator<charT> >
        -:   82:class basic_string
        -:   83:{
        -:   84:public:
        -:   85:// types:
        -:   86:    typedef traits traits_type;
        -:   87:    typedef typename traits_type::char_type value_type;
        -:   88:    typedef Allocator allocator_type;
        -:   89:    typedef typename allocator_type::size_type size_type;
        -:   90:    typedef typename allocator_type::difference_type difference_type;
        -:   91:    typedef typename allocator_type::reference reference;
        -:   92:    typedef typename allocator_type::const_reference const_reference;
        -:   93:    typedef typename allocator_type::pointer pointer;
        -:   94:    typedef typename allocator_type::const_pointer const_pointer;
        -:   95:    typedef implementation-defined iterator;
        -:   96:    typedef implementation-defined const_iterator;
        -:   97:    typedef std::reverse_iterator<iterator> reverse_iterator;
        -:   98:    typedef std::reverse_iterator<const_iterator> const_reverse_iterator;
        -:   99:
        -:  100:    static const size_type npos = -1;
        -:  101:
        -:  102:    basic_string()
        -:  103:        noexcept(is_nothrow_default_constructible<allocator_type>::value);                      // constexpr since C++20
        -:  104:    explicit basic_string(const allocator_type& a);                                             // constexpr since C++20
        -:  105:    basic_string(const basic_string& str);                                                      // constexpr since C++20
        -:  106:    basic_string(basic_string&& str)
        -:  107:        noexcept(is_nothrow_move_constructible<allocator_type>::value);                         // constexpr since C++20
        -:  108:    basic_string(const basic_string& str, size_type pos,
        -:  109:                 const allocator_type& a = allocator_type());                                   // constexpr since C++20
        -:  110:    basic_string(const basic_string& str, size_type pos, size_type n,
        -:  111:                 const Allocator& a = Allocator());                                             // constexpr since C++20
        -:  112:    constexpr basic_string(
        -:  113:        basic_string&& str, size_type pos, const Allocator& a = Allocator());                   // since C++23
        -:  114:    constexpr basic_string(
        -:  115:        basic_string&& str, size_type pos, size_type n, const Allocator& a = Allocator());      // since C++23
        -:  116:    template<class T>
        -:  117:        basic_string(const T& t, size_type pos, size_type n, const Allocator& a = Allocator()); // C++17, constexpr since C++20
        -:  118:    template <class T>
        -:  119:        explicit basic_string(const T& t, const Allocator& a = Allocator());                    // C++17, constexpr since C++20
        -:  120:    basic_string(const value_type* s, const allocator_type& a = allocator_type());              // constexpr since C++20
        -:  121:    basic_string(const value_type* s, size_type n, const allocator_type& a = allocator_type()); // constexpr since C++20
        -:  122:    basic_string(nullptr_t) = delete; // C++2b
        -:  123:    basic_string(size_type n, value_type c, const allocator_type& a = allocator_type());        // constexpr since C++20
        -:  124:    template<class InputIterator>
        -:  125:        basic_string(InputIterator begin, InputIterator end,
        -:  126:                     const allocator_type& a = allocator_type());                               // constexpr since C++20
        -:  127:    basic_string(initializer_list<value_type>, const Allocator& = Allocator());                 // constexpr since C++20
        -:  128:    basic_string(const basic_string&, const Allocator&);                                        // constexpr since C++20
        -:  129:    basic_string(basic_string&&, const Allocator&);                                             // constexpr since C++20
        -:  130:
        -:  131:    ~basic_string();                                                                            // constexpr since C++20
        -:  132:
        -:  133:    operator basic_string_view<charT, traits>() const noexcept;                                 // constexpr since C++20
        -:  134:
        -:  135:    basic_string& operator=(const basic_string& str);                                           // constexpr since C++20
        -:  136:    template <class T>
        -:  137:        basic_string& operator=(const T& t);                                                    // C++17, constexpr since C++20
        -:  138:    basic_string& operator=(basic_string&& str)
        -:  139:        noexcept(
        -:  140:             allocator_type::propagate_on_container_move_assignment::value ||
        -:  141:             allocator_type::is_always_equal::value );                                          // C++17, constexpr since C++20
        -:  142:    basic_string& operator=(const value_type* s);                                               // constexpr since C++20
        -:  143:    basic_string& operator=(nullptr_t) = delete; // C++2b
        -:  144:    basic_string& operator=(value_type c);                                                      // constexpr since C++20
        -:  145:    basic_string& operator=(initializer_list<value_type>);                                      // constexpr since C++20
        -:  146:
        -:  147:    iterator       begin() noexcept;                                                            // constexpr since C++20
        -:  148:    const_iterator begin() const noexcept;                                                      // constexpr since C++20
        -:  149:    iterator       end() noexcept;                                                              // constexpr since C++20
        -:  150:    const_iterator end() const noexcept;                                                        // constexpr since C++20
        -:  151:
        -:  152:    reverse_iterator       rbegin() noexcept;                                                   // constexpr since C++20
        -:  153:    const_reverse_iterator rbegin() const noexcept;                                             // constexpr since C++20
        -:  154:    reverse_iterator       rend() noexcept;                                                     // constexpr since C++20
        -:  155:    const_reverse_iterator rend() const noexcept;                                               // constexpr since C++20
        -:  156:
        -:  157:    const_iterator         cbegin() const noexcept;                                             // constexpr since C++20
        -:  158:    const_iterator         cend() const noexcept;                                               // constexpr since C++20
        -:  159:    const_reverse_iterator crbegin() const noexcept;                                            // constexpr since C++20
        -:  160:    const_reverse_iterator crend() const noexcept;                                              // constexpr since C++20
        -:  161:
        -:  162:    size_type size() const noexcept;                                                            // constexpr since C++20
        -:  163:    size_type length() const noexcept;                                                          // constexpr since C++20
        -:  164:    size_type max_size() const noexcept;                                                        // constexpr since C++20
        -:  165:    size_type capacity() const noexcept;                                                        // constexpr since C++20
        -:  166:
        -:  167:    void resize(size_type n, value_type c);                                                     // constexpr since C++20
        -:  168:    void resize(size_type n);                                                                   // constexpr since C++20
        -:  169:
        -:  170:    template<class Operation>
        -:  171:    constexpr void resize_and_overwrite(size_type n, Operation op); // since C++23
        -:  172:
        -:  173:    void reserve(size_type res_arg);                                                            // constexpr since C++20
        -:  174:    void reserve(); // deprecated in C++20
        -:  175:    void shrink_to_fit();                                                                       // constexpr since C++20
        -:  176:    void clear() noexcept;                                                                      // constexpr since C++20
        -:  177:    bool empty() const noexcept;                                                                // constexpr since C++20
        -:  178:
        -:  179:    const_reference operator[](size_type pos) const;                                            // constexpr since C++20
        -:  180:    reference       operator[](size_type pos);                                                  // constexpr since C++20
        -:  181:
        -:  182:    const_reference at(size_type n) const;                                                      // constexpr since C++20
        -:  183:    reference       at(size_type n);                                                            // constexpr since C++20
        -:  184:
        -:  185:    basic_string& operator+=(const basic_string& str);                                          // constexpr since C++20
        -:  186:    template <class T>
        -:  187:        basic_string& operator+=(const T& t);                                                   // C++17, constexpr since C++20
        -:  188:    basic_string& operator+=(const value_type* s);                                              // constexpr since C++20
        -:  189:    basic_string& operator+=(value_type c);                                                     // constexpr since C++20
        -:  190:    basic_string& operator+=(initializer_list<value_type>);                                     // constexpr since C++20
        -:  191:
        -:  192:    basic_string& append(const basic_string& str);                                              // constexpr since C++20
        -:  193:    template <class T>
        -:  194:        basic_string& append(const T& t);                                                       // C++17, constexpr since C++20
        -:  195:    basic_string& append(const basic_string& str, size_type pos, size_type n=npos);             // C++14, constexpr since C++20
        -:  196:    template <class T>
        -:  197:        basic_string& append(const T& t, size_type pos, size_type n=npos);                      // C++17, constexpr since C++20
        -:  198:    basic_string& append(const value_type* s, size_type n);                                     // constexpr since C++20
        -:  199:    basic_string& append(const value_type* s);                                                  // constexpr since C++20
        -:  200:    basic_string& append(size_type n, value_type c);                                            // constexpr since C++20
        -:  201:    template<class InputIterator>
        -:  202:        basic_string& append(InputIterator first, InputIterator last);                          // constexpr since C++20
        -:  203:    basic_string& append(initializer_list<value_type>);                                         // constexpr since C++20
        -:  204:
        -:  205:    void push_back(value_type c);                                                               // constexpr since C++20
        -:  206:    void pop_back();                                                                            // constexpr since C++20
        -:  207:    reference       front();                                                                    // constexpr since C++20
        -:  208:    const_reference front() const;                                                              // constexpr since C++20
        -:  209:    reference       back();                                                                     // constexpr since C++20
        -:  210:    const_reference back() const;                                                               // constexpr since C++20
        -:  211:
        -:  212:    basic_string& assign(const basic_string& str);                                              // constexpr since C++20
        -:  213:    template <class T>
        -:  214:        basic_string& assign(const T& t);                                                       // C++17, constexpr since C++20
        -:  215:    basic_string& assign(basic_string&& str);                                                   // constexpr since C++20
        -:  216:    basic_string& assign(const basic_string& str, size_type pos, size_type n=npos);             // C++14, constexpr since C++20
        -:  217:    template <class T>
        -:  218:        basic_string& assign(const T& t, size_type pos, size_type n=npos);                      // C++17, constexpr since C++20
        -:  219:    basic_string& assign(const value_type* s, size_type n);                                     // constexpr since C++20
        -:  220:    basic_string& assign(const value_type* s);                                                  // constexpr since C++20
        -:  221:    basic_string& assign(size_type n, value_type c);                                            // constexpr since C++20
        -:  222:    template<class InputIterator>
        -:  223:        basic_string& assign(InputIterator first, InputIterator last);                          // constexpr since C++20
        -:  224:    basic_string& assign(initializer_list<value_type>);                                         // constexpr since C++20
        -:  225:
        -:  226:    basic_string& insert(size_type pos1, const basic_string& str);                              // constexpr since C++20
        -:  227:    template <class T>
        -:  228:        basic_string& insert(size_type pos1, const T& t);                                       // constexpr since C++20
        -:  229:    basic_string& insert(size_type pos1, const basic_string& str,
        -:  230:                         size_type pos2, size_type n);                                          // constexpr since C++20
        -:  231:    template <class T>
        -:  232:        basic_string& insert(size_type pos1, const T& t, size_type pos2, size_type n);          // C++17, constexpr since C++20
        -:  233:    basic_string& insert(size_type pos, const value_type* s, size_type n=npos);                 // C++14, constexpr since C++20
        -:  234:    basic_string& insert(size_type pos, const value_type* s);                                   // constexpr since C++20
        -:  235:    basic_string& insert(size_type pos, size_type n, value_type c);                             // constexpr since C++20
        -:  236:    iterator      insert(const_iterator p, value_type c);                                       // constexpr since C++20
        -:  237:    iterator      insert(const_iterator p, size_type n, value_type c);                          // constexpr since C++20
        -:  238:    template<class InputIterator>
        -:  239:        iterator insert(const_iterator p, InputIterator first, InputIterator last);             // constexpr since C++20
        -:  240:    iterator      insert(const_iterator p, initializer_list<value_type>);                       // constexpr since C++20
        -:  241:
        -:  242:    basic_string& erase(size_type pos = 0, size_type n = npos);                                 // constexpr since C++20
        -:  243:    iterator      erase(const_iterator position);                                               // constexpr since C++20
        -:  244:    iterator      erase(const_iterator first, const_iterator last);                             // constexpr since C++20
        -:  245:
        -:  246:    basic_string& replace(size_type pos1, size_type n1, const basic_string& str);               // constexpr since C++20
        -:  247:    template <class T>
        -:  248:    basic_string& replace(size_type pos1, size_type n1, const T& t);                            // C++17, constexpr since C++20
        -:  249:    basic_string& replace(size_type pos1, size_type n1, const basic_string& str,
        -:  250:                          size_type pos2, size_type n2=npos);                                   // C++14, constexpr since C++20
        -:  251:    template <class T>
        -:  252:        basic_string& replace(size_type pos1, size_type n1, const T& t,
        -:  253:                              size_type pos2, size_type n);                                     // C++17, constexpr since C++20
        -:  254:    basic_string& replace(size_type pos, size_type n1, const value_type* s, size_type n2);      // constexpr since C++20
        -:  255:    basic_string& replace(size_type pos, size_type n1, const value_type* s);                    // constexpr since C++20
        -:  256:    basic_string& replace(size_type pos, size_type n1, size_type n2, value_type c);             // constexpr since C++20
        -:  257:    basic_string& replace(const_iterator i1, const_iterator i2, const basic_string& str);       // constexpr since C++20
        -:  258:    template <class T>
        -:  259:        basic_string& replace(const_iterator i1, const_iterator i2, const T& t);                // C++17, constexpr since C++20
        -:  260:    basic_string& replace(const_iterator i1, const_iterator i2, const value_type* s, size_type n); // constexpr since C++20
        -:  261:    basic_string& replace(const_iterator i1, const_iterator i2, const value_type* s);           // constexpr since C++20
        -:  262:    basic_string& replace(const_iterator i1, const_iterator i2, size_type n, value_type c);     // constexpr since C++20
        -:  263:    template<class InputIterator>
        -:  264:        basic_string& replace(const_iterator i1, const_iterator i2, InputIterator j1, InputIterator j2); // constexpr since C++20
        -:  265:    basic_string& replace(const_iterator i1, const_iterator i2, initializer_list<value_type>);  // constexpr since C++20
        -:  266:
        -:  267:    size_type copy(value_type* s, size_type n, size_type pos = 0) const;                        // constexpr since C++20
        -:  268:    basic_string substr(size_type pos = 0, size_type n = npos) const;                           // constexpr in C++20, removed in C++23
        -:  269:    basic_string substr(size_type pos = 0, size_type n = npos) const&;                          // since C++23
        -:  270:    constexpr basic_string substr(size_type pos = 0, size_type n = npos) &&;                    // since C++23
        -:  271:    void swap(basic_string& str)
        -:  272:        noexcept(allocator_traits<allocator_type>::propagate_on_container_swap::value ||
        -:  273:                 allocator_traits<allocator_type>::is_always_equal::value);                     // C++17, constexpr since C++20
        -:  274:
        -:  275:    const value_type* c_str() const noexcept;                                                   // constexpr since C++20
        -:  276:    const value_type* data() const noexcept;                                                    // constexpr since C++20
        -:  277:          value_type* data()       noexcept;                                                    // C++17, constexpr since C++20
        -:  278:
        -:  279:    allocator_type get_allocator() const noexcept;                                              // constexpr since C++20
        -:  280:
        -:  281:    size_type find(const basic_string& str, size_type pos = 0) const noexcept;                  // constexpr since C++20
        -:  282:    template <class T>
        -:  283:        size_type find(const T& t, size_type pos = 0) const noexcept;                           // C++17, noexcept as an extension, constexpr since C++20
        -:  284:    size_type find(const value_type* s, size_type pos, size_type n) const noexcept;             // constexpr since C++20
        -:  285:    size_type find(const value_type* s, size_type pos = 0) const noexcept;                      // constexpr since C++20
        -:  286:    size_type find(value_type c, size_type pos = 0) const noexcept;                             // constexpr since C++20
        -:  287:
        -:  288:    size_type rfind(const basic_string& str, size_type pos = npos) const noexcept;              // constexpr since C++20
        -:  289:    template <class T>
        -:  290:        size_type rfind(const T& t, size_type pos = npos) const noexcept;                       // C++17, noexcept as an extension, constexpr since C++20
        -:  291:    size_type rfind(const value_type* s, size_type pos, size_type n) const noexcept;            // constexpr since C++20
        -:  292:    size_type rfind(const value_type* s, size_type pos = npos) const noexcept;                  // constexpr since C++20
        -:  293:    size_type rfind(value_type c, size_type pos = npos) const noexcept;                         // constexpr since C++20
        -:  294:
        -:  295:    size_type find_first_of(const basic_string& str, size_type pos = 0) const noexcept;         // constexpr since C++20
        -:  296:    template <class T>
        -:  297:        size_type find_first_of(const T& t, size_type pos = 0) const noexcept;                  // C++17, noexcept as an extension, constexpr since C++20
        -:  298:    size_type find_first_of(const value_type* s, size_type pos, size_type n) const noexcept;    // constexpr since C++20
        -:  299:    size_type find_first_of(const value_type* s, size_type pos = 0) const noexcept;             // constexpr since C++20
        -:  300:    size_type find_first_of(value_type c, size_type pos = 0) const noexcept;                    // constexpr since C++20
        -:  301:
        -:  302:    size_type find_last_of(const basic_string& str, size_type pos = npos) const noexcept;       // constexpr since C++20
        -:  303:    template <class T>
        -:  304:        size_type find_last_of(const T& t, size_type pos = npos) const noexcept noexcept;       // C++17, noexcept as an extension, constexpr since C++20
        -:  305:    size_type find_last_of(const value_type* s, size_type pos, size_type n) const noexcept;     // constexpr since C++20
        -:  306:    size_type find_last_of(const value_type* s, size_type pos = npos) const noexcept;           // constexpr since C++20
        -:  307:    size_type find_last_of(value_type c, size_type pos = npos) const noexcept;                  // constexpr since C++20
        -:  308:
        -:  309:    size_type find_first_not_of(const basic_string& str, size_type pos = 0) const noexcept;     // constexpr since C++20
        -:  310:    template <class T>
        -:  311:        size_type find_first_not_of(const T& t, size_type pos = 0) const noexcept;              // C++17, noexcept as an extension, constexpr since C++20
        -:  312:    size_type find_first_not_of(const value_type* s, size_type pos, size_type n) const noexcept; // constexpr since C++20
        -:  313:    size_type find_first_not_of(const value_type* s, size_type pos = 0) const noexcept;         // constexpr since C++20
        -:  314:    size_type find_first_not_of(value_type c, size_type pos = 0) const noexcept;                // constexpr since C++20
        -:  315:
        -:  316:    size_type find_last_not_of(const basic_string& str, size_type pos = npos) const noexcept;   // constexpr since C++20
        -:  317:    template <class T>
        -:  318:        size_type find_last_not_of(const T& t, size_type pos = npos) const noexcept;            // C++17, noexcept as an extension, constexpr since C++20
        -:  319:    size_type find_last_not_of(const value_type* s, size_type pos, size_type n) const noexcept; // constexpr since C++20
        -:  320:    size_type find_last_not_of(const value_type* s, size_type pos = npos) const noexcept;       // constexpr since C++20
        -:  321:    size_type find_last_not_of(value_type c, size_type pos = npos) const noexcept;              // constexpr since C++20
        -:  322:
        -:  323:    int compare(const basic_string& str) const noexcept;                                        // constexpr since C++20
        -:  324:    template <class T>
        -:  325:        int compare(const T& t) const noexcept;                                                 // C++17, noexcept as an extension, constexpr since C++20
        -:  326:    int compare(size_type pos1, size_type n1, const basic_string& str) const;                   // constexpr since C++20
        -:  327:    template <class T>
        -:  328:        int compare(size_type pos1, size_type n1, const T& t) const;                            // C++17, constexpr since C++20
        -:  329:    int compare(size_type pos1, size_type n1, const basic_string& str,
        -:  330:                size_type pos2, size_type n2=npos) const;                                       // C++14, constexpr since C++20
        -:  331:    template <class T>
        -:  332:        int compare(size_type pos1, size_type n1, const T& t,
        -:  333:                    size_type pos2, size_type n2=npos) const;                                   // C++17, constexpr since C++20
        -:  334:    int compare(const value_type* s) const noexcept;                                            // constexpr since C++20
        -:  335:    int compare(size_type pos1, size_type n1, const value_type* s) const;                       // constexpr since C++20
        -:  336:    int compare(size_type pos1, size_type n1, const value_type* s, size_type n2) const;         // constexpr since C++20
        -:  337:
        -:  338:    constexpr bool starts_with(basic_string_view<charT, traits> sv) const noexcept;             // C++20
        -:  339:    constexpr bool starts_with(charT c) const noexcept;                                         // C++20
        -:  340:    constexpr bool starts_with(const charT* s) const;                                           // C++20
        -:  341:    constexpr bool ends_with(basic_string_view<charT, traits> sv) const noexcept;               // C++20
        -:  342:    constexpr bool ends_with(charT c) const noexcept;                                           // C++20
        -:  343:    constexpr bool ends_with(const charT* s) const;                                             // C++20
        -:  344:
        -:  345:    constexpr bool contains(basic_string_view<charT, traits> sv) const noexcept;                // C++2b
        -:  346:    constexpr bool contains(charT c) const noexcept;                                            // C++2b
        -:  347:    constexpr bool contains(const charT* s) const;                                              // C++2b
        -:  348:};
        -:  349:
        -:  350:template<class InputIterator,
        -:  351:         class Allocator = allocator<typename iterator_traits<InputIterator>::value_type>>
        -:  352:basic_string(InputIterator, InputIterator, Allocator = Allocator())
        -:  353:   -> basic_string<typename iterator_traits<InputIterator>::value_type,
        -:  354:                  char_traits<typename iterator_traits<InputIterator>::value_type>,
        -:  355:                  Allocator>;   // C++17
        -:  356:
        -:  357:template<class charT, class traits, class Allocator>
        -:  358:basic_string<charT, traits, Allocator>
        -:  359:operator+(const basic_string<charT, traits, Allocator>& lhs,
        -:  360:          const basic_string<charT, traits, Allocator>& rhs);                                   // constexpr since C++20
        -:  361:
        -:  362:template<class charT, class traits, class Allocator>
        -:  363:basic_string<charT, traits, Allocator>
        -:  364:operator+(const charT* lhs , const basic_string<charT,traits,Allocator>&rhs);                   // constexpr since C++20
        -:  365:
        -:  366:template<class charT, class traits, class Allocator>
        -:  367:basic_string<charT, traits, Allocator>
        -:  368:operator+(charT lhs, const basic_string<charT,traits,Allocator>& rhs);                          // constexpr since C++20
        -:  369:
        -:  370:template<class charT, class traits, class Allocator>
        -:  371:basic_string<charT, traits, Allocator>
        -:  372:operator+(const basic_string<charT, traits, Allocator>& lhs, const charT* rhs);                 // constexpr since C++20
        -:  373:
        -:  374:template<class charT, class traits, class Allocator>
        -:  375:basic_string<charT, traits, Allocator>
        -:  376:operator+(const basic_string<charT, traits, Allocator>& lhs, charT rhs);                        // constexpr since C++20
        -:  377:
        -:  378:template<class charT, class traits, class Allocator>
        -:  379:bool operator==(const basic_string<charT, traits, Allocator>& lhs,
        -:  380:                const basic_string<charT, traits, Allocator>& rhs) noexcept;                    // constexpr since C++20
        -:  381:
        -:  382:template<class charT, class traits, class Allocator>
        -:  383:bool operator==(const charT* lhs, const basic_string<charT, traits, Allocator>& rhs) noexcept;  // removed in C++20
        -:  384:
        -:  385:template<class charT, class traits, class Allocator>
        -:  386:bool operator==(const basic_string<charT,traits,Allocator>& lhs, const charT* rhs) noexcept;    // constexpr since C++20
        -:  387:
        -:  388:template<class charT, class traits, class Allocator>
        -:  389:bool operator!=(const basic_string<charT,traits,Allocator>& lhs,
        -:  390:                const basic_string<charT, traits, Allocator>& rhs) noexcept;                    // removed in C++20
        -:  391:
        -:  392:template<class charT, class traits, class Allocator>
        -:  393:bool operator!=(const charT* lhs, const basic_string<charT, traits, Allocator>& rhs) noexcept;  // removed in C++20
        -:  394:
        -:  395:template<class charT, class traits, class Allocator>
        -:  396:bool operator!=(const basic_string<charT, traits, Allocator>& lhs, const charT* rhs) noexcept;  // removed in C++20
        -:  397:
        -:  398:template<class charT, class traits, class Allocator>
        -:  399:bool operator< (const basic_string<charT, traits, Allocator>& lhs,
        -:  400:                const basic_string<charT, traits, Allocator>& rhs) noexcept;                    // removed in C++20
        -:  401:
        -:  402:template<class charT, class traits, class Allocator>
        -:  403:bool operator< (const basic_string<charT, traits, Allocator>& lhs, const charT* rhs) noexcept;  // removed in C++20
        -:  404:
        -:  405:template<class charT, class traits, class Allocator>
        -:  406:bool operator< (const charT* lhs, const basic_string<charT, traits, Allocator>& rhs) noexcept;  // removed in C++20
        -:  407:
        -:  408:template<class charT, class traits, class Allocator>
        -:  409:bool operator> (const basic_string<charT, traits, Allocator>& lhs,
        -:  410:                const basic_string<charT, traits, Allocator>& rhs) noexcept;                    // removed in C++20
        -:  411:
        -:  412:template<class charT, class traits, class Allocator>
        -:  413:bool operator> (const basic_string<charT, traits, Allocator>& lhs, const charT* rhs) noexcept;  // removed in C++20
        -:  414:
        -:  415:template<class charT, class traits, class Allocator>
        -:  416:bool operator> (const charT* lhs, const basic_string<charT, traits, Allocator>& rhs) noexcept;  // removed in C++20
        -:  417:
        -:  418:template<class charT, class traits, class Allocator>
        -:  419:bool operator<=(const basic_string<charT, traits, Allocator>& lhs,
        -:  420:                const basic_string<charT, traits, Allocator>& rhs) noexcept;                    // removed in C++20
        -:  421:
        -:  422:template<class charT, class traits, class Allocator>
        -:  423:bool operator<=(const basic_string<charT, traits, Allocator>& lhs, const charT* rhs) noexcept;  // removed in C++20
        -:  424:
        -:  425:template<class charT, class traits, class Allocator>
        -:  426:bool operator<=(const charT* lhs, const basic_string<charT, traits, Allocator>& rhs) noexcept;  // removed in C++20
        -:  427:
        -:  428:template<class charT, class traits, class Allocator>
        -:  429:bool operator>=(const basic_string<charT, traits, Allocator>& lhs,
        -:  430:                const basic_string<charT, traits, Allocator>& rhs) noexcept;                    // removed in C++20
        -:  431:
        -:  432:template<class charT, class traits, class Allocator>
        -:  433:bool operator>=(const basic_string<charT, traits, Allocator>& lhs, const charT* rhs) noexcept;  // removed in C++20
        -:  434:
        -:  435:template<class charT, class traits, class Allocator>
        -:  436:bool operator>=(const charT* lhs, const basic_string<charT, traits, Allocator>& rhs) noexcept;  // removed in C++20
        -:  437:
        -:  438:template<class charT, class traits, class Allocator>                                            // since C++20
        -:  439:constexpr see below operator<=>(const basic_string<charT, traits, Allocator>& lhs,
        -:  440:                                const basic_string<charT, traits, Allocator>& rhs) noexcept;
        -:  441:
        -:  442:template<class charT, class traits, class Allocator>                                            // since C++20
        -:  443:constexpr see below operator<=>(const basic_string<charT, traits, Allocator>& lhs,
        -:  444:                                const charT* rhs) noexcept;
        -:  445:
        -:  446:template<class charT, class traits, class Allocator>
        -:  447:void swap(basic_string<charT, traits, Allocator>& lhs,
        -:  448:          basic_string<charT, traits, Allocator>& rhs)
        -:  449:            noexcept(noexcept(lhs.swap(rhs)));                                                  // constexpr since C++20
        -:  450:
        -:  451:template<class charT, class traits, class Allocator>
        -:  452:basic_istream<charT, traits>&
        -:  453:operator>>(basic_istream<charT, traits>& is, basic_string<charT, traits, Allocator>& str);
        -:  454:
        -:  455:template<class charT, class traits, class Allocator>
        -:  456:basic_ostream<charT, traits>&
        -:  457:operator<<(basic_ostream<charT, traits>& os, const basic_string<charT, traits, Allocator>& str);
        -:  458:
        -:  459:template<class charT, class traits, class Allocator>
        -:  460:basic_istream<charT, traits>&
        -:  461:getline(basic_istream<charT, traits>& is, basic_string<charT, traits, Allocator>& str,
        -:  462:        charT delim);
        -:  463:
        -:  464:template<class charT, class traits, class Allocator>
        -:  465:basic_istream<charT, traits>&
        -:  466:getline(basic_istream<charT, traits>& is, basic_string<charT, traits, Allocator>& str);
        -:  467:
        -:  468:template<class charT, class traits, class Allocator, class U>
        -:  469:typename basic_string<charT, traits, Allocator>::size_type
        -:  470:erase(basic_string<charT, traits, Allocator>& c, const U& value);    // C++20
        -:  471:template<class charT, class traits, class Allocator, class Predicate>
        -:  472:typename basic_string<charT, traits, Allocator>::size_type
        -:  473:erase_if(basic_string<charT, traits, Allocator>& c, Predicate pred); // C++20
        -:  474:
        -:  475:typedef basic_string<char>    string;
        -:  476:typedef basic_string<wchar_t> wstring;
        -:  477:typedef basic_string<char8_t> u8string; // C++20
        -:  478:typedef basic_string<char16_t> u16string;
        -:  479:typedef basic_string<char32_t> u32string;
        -:  480:
        -:  481:int                stoi  (const string& str, size_t* idx = nullptr, int base = 10);
        -:  482:long               stol  (const string& str, size_t* idx = nullptr, int base = 10);
        -:  483:unsigned long      stoul (const string& str, size_t* idx = nullptr, int base = 10);
        -:  484:long long          stoll (const string& str, size_t* idx = nullptr, int base = 10);
        -:  485:unsigned long long stoull(const string& str, size_t* idx = nullptr, int base = 10);
        -:  486:
        -:  487:float       stof (const string& str, size_t* idx = nullptr);
        -:  488:double      stod (const string& str, size_t* idx = nullptr);
        -:  489:long double stold(const string& str, size_t* idx = nullptr);
        -:  490:
        -:  491:string to_string(int val);
        -:  492:string to_string(unsigned val);
        -:  493:string to_string(long val);
        -:  494:string to_string(unsigned long val);
        -:  495:string to_string(long long val);
        -:  496:string to_string(unsigned long long val);
        -:  497:string to_string(float val);
        -:  498:string to_string(double val);
        -:  499:string to_string(long double val);
        -:  500:
        -:  501:int                stoi  (const wstring& str, size_t* idx = nullptr, int base = 10);
        -:  502:long               stol  (const wstring& str, size_t* idx = nullptr, int base = 10);
        -:  503:unsigned long      stoul (const wstring& str, size_t* idx = nullptr, int base = 10);
        -:  504:long long          stoll (const wstring& str, size_t* idx = nullptr, int base = 10);
        -:  505:unsigned long long stoull(const wstring& str, size_t* idx = nullptr, int base = 10);
        -:  506:
        -:  507:float       stof (const wstring& str, size_t* idx = nullptr);
        -:  508:double      stod (const wstring& str, size_t* idx = nullptr);
        -:  509:long double stold(const wstring& str, size_t* idx = nullptr);
        -:  510:
        -:  511:wstring to_wstring(int val);
        -:  512:wstring to_wstring(unsigned val);
        -:  513:wstring to_wstring(long val);
        -:  514:wstring to_wstring(unsigned long val);
        -:  515:wstring to_wstring(long long val);
        -:  516:wstring to_wstring(unsigned long long val);
        -:  517:wstring to_wstring(float val);
        -:  518:wstring to_wstring(double val);
        -:  519:wstring to_wstring(long double val);
        -:  520:
        -:  521:template <> struct hash<string>;
        -:  522:template <> struct hash<u8string>; // C++20
        -:  523:template <> struct hash<u16string>;
        -:  524:template <> struct hash<u32string>;
        -:  525:template <> struct hash<wstring>;
        -:  526:
        -:  527:basic_string<char>     operator "" s( const char *str,     size_t len );           // C++14, constexpr since C++20
        -:  528:basic_string<wchar_t>  operator "" s( const wchar_t *str,  size_t len );           // C++14, constexpr since C++20
        -:  529:constexpr basic_string<char8_t>  operator "" s( const char8_t *str,  size_t len ); // C++20
        -:  530:basic_string<char16_t> operator "" s( const char16_t *str, size_t len );           // C++14, constexpr since C++20
        -:  531:basic_string<char32_t> operator "" s( const char32_t *str, size_t len );           // C++14, constexpr since C++20
        -:  532:
        -:  533:}  // std
        -:  534:
        -:  535:*/
        -:  536:
        -:  537:#include <__algorithm/max.h>
        -:  538:#include <__algorithm/min.h>
        -:  539:#include <__algorithm/remove.h>
        -:  540:#include <__algorithm/remove_if.h>
        -:  541:#include <__assert> // all public C++ headers provide the assertion handler
        -:  542:#include <__config>
        -:  543:#include <__debug>
        -:  544:#include <__format/enable_insertable.h>
        -:  545:#include <__functional/hash.h>
        -:  546:#include <__functional/unary_function.h>
        -:  547:#include <__fwd/string.h>
        -:  548:#include <__ios/fpos.h>
        -:  549:#include <__iterator/distance.h>
        -:  550:#include <__iterator/iterator_traits.h>
        -:  551:#include <__iterator/reverse_iterator.h>
        -:  552:#include <__iterator/wrap_iter.h>
        -:  553:#include <__memory/allocate_at_least.h>
        -:  554:#include <__memory/allocator.h>
        -:  555:#include <__memory/allocator_traits.h>
        -:  556:#include <__memory/compressed_pair.h>
        -:  557:#include <__memory/construct_at.h>
        -:  558:#include <__memory/pointer_traits.h>
        -:  559:#include <__memory/swap_allocator.h>
        -:  560:#include <__memory_resource/polymorphic_allocator.h>
        -:  561:#include <__string/char_traits.h>
        -:  562:#include <__string/extern_template_lists.h>
        -:  563:#include <__type_traits/is_allocator.h>
        -:  564:#include <__type_traits/noexcept_move_assign_container.h>
        -:  565:#include <__utility/auto_cast.h>
        -:  566:#include <__utility/move.h>
        -:  567:#include <__utility/swap.h>
        -:  568:#include <__utility/unreachable.h>
        -:  569:#include <climits>
        -:  570:#include <cstdint>
        -:  571:#include <cstdio>  // EOF
        -:  572:#include <cstdlib>
        -:  573:#include <cstring>
        -:  574:#include <limits>
        -:  575:#include <stdexcept>
        -:  576:#include <string_view>
        -:  577:#include <type_traits>
        -:  578:#include <version>
        -:  579:
        -:  580:#ifndef _LIBCPP_HAS_NO_WIDE_CHARACTERS
        -:  581:#  include <cwchar>
        -:  582:#endif
        -:  583:
        -:  584:// standard-mandated includes
        -:  585:
        -:  586:// [iterator.range]
        -:  587:#include <__iterator/access.h>
        -:  588:#include <__iterator/data.h>
        -:  589:#include <__iterator/empty.h>
        -:  590:#include <__iterator/reverse_access.h>
        -:  591:#include <__iterator/size.h>
        -:  592:
        -:  593:// [string.syn]
        -:  594:#include <compare>
        -:  595:#include <initializer_list>
        -:  596:
        -:  597:#if !defined(_LIBCPP_HAS_NO_PRAGMA_SYSTEM_HEADER)
        -:  598:#  pragma GCC system_header
        -:  599:#endif
        -:  600:
        -:  601:_LIBCPP_PUSH_MACROS
        -:  602:#include <__undef_macros>
        -:  603:
        -:  604:
        -:  605:_LIBCPP_BEGIN_NAMESPACE_STD
        -:  606:
        -:  607:// basic_string
        -:  608:
        -:  609:template<class _CharT, class _Traits, class _Allocator>
        -:  610:basic_string<_CharT, _Traits, _Allocator>
        -:  611:_LIBCPP_HIDE_FROM_ABI _LIBCPP_CONSTEXPR_SINCE_CXX20
        -:  612:operator+(const basic_string<_CharT, _Traits, _Allocator>& __x,
        -:  613:          const basic_string<_CharT, _Traits, _Allocator>& __y);
        -:  614:
        -:  615:template<class _CharT, class _Traits, class _Allocator>
        -:  616:_LIBCPP_HIDDEN _LIBCPP_CONSTEXPR_SINCE_CXX20
        -:  617:basic_string<_CharT, _Traits, _Allocator>
        -:  618:operator+(const _CharT* __x, const basic_string<_CharT,_Traits,_Allocator>& __y);
        -:  619:
        -:  620:template<class _CharT, class _Traits, class _Allocator>
        -:  621:_LIBCPP_HIDE_FROM_ABI _LIBCPP_CONSTEXPR_SINCE_CXX20
        -:  622:basic_string<_CharT, _Traits, _Allocator>
        -:  623:operator+(_CharT __x, const basic_string<_CharT,_Traits,_Allocator>& __y);
        -:  624:
        -:  625:template<class _CharT, class _Traits, class _Allocator>
        -:  626:inline _LIBCPP_HIDE_FROM_ABI _LIBCPP_CONSTEXPR_SINCE_CXX20
        -:  627:basic_string<_CharT, _Traits, _Allocator>
        -:  628:operator+(const basic_string<_CharT, _Traits, _Allocator>& __x, const _CharT* __y);
        -:  629:
        -:  630:template<class _CharT, class _Traits, class _Allocator>
        -:  631:_LIBCPP_HIDE_FROM_ABI _LIBCPP_CONSTEXPR_SINCE_CXX20
        -:  632:basic_string<_CharT, _Traits, _Allocator>
        -:  633:operator+(const basic_string<_CharT, _Traits, _Allocator>& __x, _CharT __y);
        -:  634:
        -:  635:extern template _LIBCPP_FUNC_VIS string operator+<char, char_traits<char>, allocator<char> >(char const*, string const&);
        -:  636:
        -:  637:template <class _Iter>
        -:  638:struct __string_is_trivial_iterator : public false_type {};
        -:  639:
        -:  640:template <class _Tp>
        -:  641:struct __string_is_trivial_iterator<_Tp*>
        -:  642:    : public is_arithmetic<_Tp> {};
        -:  643:
        -:  644:template <class _Iter>
        -:  645:struct __string_is_trivial_iterator<__wrap_iter<_Iter> >
        -:  646:    : public __string_is_trivial_iterator<_Iter> {};
        -:  647:
        -:  648:template <class _CharT, class _Traits, class _Tp>
        -:  649:struct __can_be_converted_to_string_view : public _BoolConstant<
        -:  650:      is_convertible<const _Tp&, basic_string_view<_CharT, _Traits> >::value &&
        -:  651:     !is_convertible<const _Tp&, const _CharT*>::value
        -:  652:    > {};
        -:  653:
        -:  654:struct __uninitialized_size_tag {};
        -:  655:
        -:  656:template<class _CharT, class _Traits, class _Allocator>
        -:  657:class basic_string
        -:  658:{
        -:  659:public:
        -:  660:    typedef basic_string                                 __self;
        -:  661:    typedef basic_string_view<_CharT, _Traits>           __self_view;
        -:  662:    typedef _Traits                                      traits_type;
        -:  663:    typedef _CharT                                       value_type;
        -:  664:    typedef _Allocator                                   allocator_type;
        -:  665:    typedef allocator_traits<allocator_type>             __alloc_traits;
        -:  666:    typedef typename __alloc_traits::size_type           size_type;
        -:  667:    typedef typename __alloc_traits::difference_type     difference_type;
        -:  668:    typedef value_type&                                  reference;
        -:  669:    typedef const value_type&                            const_reference;
        -:  670:    typedef typename __alloc_traits::pointer             pointer;
        -:  671:    typedef typename __alloc_traits::const_pointer       const_pointer;
        -:  672:
        -:  673:    static_assert((!is_array<value_type>::value), "Character type of basic_string must not be an array");
        -:  674:    static_assert(( is_standard_layout<value_type>::value), "Character type of basic_string must be standard-layout");
        -:  675:    static_assert(( is_trivial<value_type>::value), "Character type of basic_string must be trivial");
        -:  676:    static_assert(( is_same<_CharT, typename traits_type::char_type>::value),
        -:  677:                  "traits_type::char_type must be the same type as CharT");
        -:  678:    static_assert(( is_same<typename allocator_type::value_type, value_type>::value),
        -:  679:                  "Allocator::value_type must be same type as value_type");
        -:  680:
        -:  681:    static_assert(is_same<allocator_type, __rebind_alloc<__alloc_traits, value_type> >::value,
        -:  682:                  "[allocator.requirements] states that rebinding an allocator to the same type should result in the "
        -:  683:                  "original allocator");
        -:  684:
        -:  685:    // TODO: Implement iterator bounds checking without requiring the global database.
        -:  686:    typedef __wrap_iter<pointer>                         iterator;
        -:  687:    typedef __wrap_iter<const_pointer>                   const_iterator;
        -:  688:    typedef std::reverse_iterator<iterator>              reverse_iterator;
        -:  689:    typedef std::reverse_iterator<const_iterator>        const_reverse_iterator;
        -:  690:
        -:  691:private:
        -:  692:    static_assert(CHAR_BIT == 8, "This implementation assumes that one byte contains 8 bits");
        -:  693:
        -:  694:#ifdef _LIBCPP_ABI_ALTERNATE_STRING_LAYOUT
        -:  695:
        -:  696:    struct __long
        -:  697:    {
        -:  698:        pointer   __data_;
        -:  699:        size_type __size_;
        -:  700:        size_type __cap_ : sizeof(size_type) * CHAR_BIT - 1;
        -:  701:        size_type __is_long_ : 1;
        -:  702:    };
        -:  703:
        -:  704:    enum {__min_cap = (sizeof(__long) - 1)/sizeof(value_type) > 2 ?
        -:  705:                      (sizeof(__long) - 1)/sizeof(value_type) : 2};
        -:  706:
        -:  707:    struct __short
        -:  708:    {
        -:  709:        value_type __data_[__min_cap];
        -:  710:        unsigned char __padding_[sizeof(value_type) - 1];
        -:  711:        unsigned char __size_ : 7;
        -:  712:        unsigned char __is_long_ : 1;
        -:  713:    };
        -:  714:
        -:  715:// The __endian_factor is required because the field we use to store the size
        -:  716:// has one fewer bit than it would if it were not a bitfield.
        -:  717://
        -:  718:// If the LSB is used to store the short-flag in the short string representation,
        -:  719:// we have to multiply the size by two when it is stored and divide it by two when
        -:  720:// it is loaded to make sure that we always store an even number. In the long string
        -:  721:// representation, we can ignore this because we can assume that we always allocate
        -:  722:// an even amount of value_types.
        -:  723://
        -:  724:// If the MSB is used for the short-flag, the max_size() is numeric_limits<size_type>::max() / 2.
        -:  725:// This does not impact the short string representation, since we never need the MSB
        -:  726:// for representing the size of a short string anyway.
        -:  727:
        -:  728:#ifdef _LIBCPP_BIG_ENDIAN
        -:  729:    static const size_type __endian_factor = 2;
        -:  730:#else
        -:  731:    static const size_type __endian_factor = 1;
        -:  732:#endif
        -:  733:
        -:  734:#else // _LIBCPP_ABI_ALTERNATE_STRING_LAYOUT
        -:  735:
        -:  736:#ifdef _LIBCPP_BIG_ENDIAN
        -:  737:    static const size_type __endian_factor = 1;
        -:  738:#else
        -:  739:    static const size_type __endian_factor = 2;
        -:  740:#endif
        -:  741:
        -:  742:    // Attribute 'packed' is used to keep the layout compatible with the
        -:  743:    // previous definition that did not use bit fields. This is because on
        -:  744:    // some platforms bit fields have a default size rather than the actual
        -:  745:    // size used, e.g., it is 4 bytes on AIX. See D128285 for details.
        -:  746:    struct __long
        -:  747:    {
        -:  748:        struct _LIBCPP_PACKED {
        -:  749:            size_type __is_long_ : 1;
        -:  750:            size_type __cap_ : sizeof(size_type) * CHAR_BIT - 1;
        -:  751:        };
        -:  752:        size_type __size_;
        -:  753:        pointer   __data_;
        -:  754:    };
        -:  755:
        -:  756:    enum {__min_cap = (sizeof(__long) - 1)/sizeof(value_type) > 2 ?
        -:  757:                      (sizeof(__long) - 1)/sizeof(value_type) : 2};
        -:  758:
        -:  759:    struct __short
        -:  760:    {
        -:  761:        struct _LIBCPP_PACKED {
        -:  762:            unsigned char __is_long_ : 1;
        -:  763:            unsigned char __size_ : 7;
        -:  764:        };
        -:  765:        char __padding_[sizeof(value_type) - 1];
        -:  766:        value_type __data_[__min_cap];
        -:  767:    };
        -:  768:
        -:  769:#endif // _LIBCPP_ABI_ALTERNATE_STRING_LAYOUT
        -:  770:
        -:  771:    static_assert(sizeof(__short) == (sizeof(value_type) * (__min_cap + 1)), "__short has an unexpected size.");
        -:  772:
        -:  773:    union __ulx{__long __lx; __short __lxx;};
        -:  774:
        -:  775:    enum {__n_words = sizeof(__ulx) / sizeof(size_type)};
        -:  776:
        -:  777:    struct __raw
        -:  778:    {
        -:  779:        size_type __words[__n_words];
        -:  780:    };
        -:  781:
        -:  782:    struct __rep
        -:  783:    {
        -:  784:        union
        -:  785:        {
        -:  786:            __long  __l;
        -:  787:            __short __s;
        -:  788:            __raw   __r;
        -:  789:        };
        -:  790:    };
        -:  791:
        -:  792:    __compressed_pair<__rep, allocator_type> __r_;
        -:  793:
        -:  794:    // Construct a string with the given allocator and enough storage to hold `__size` characters, but
        -:  795:    // don't initialize the characters. The contents of the string, including the null terminator, must be
        -:  796:    // initialized separately.
        -:  797:    _LIBCPP_HIDE_FROM_ABI _LIBCPP_CONSTEXPR_SINCE_CXX20
        -:  798:    explicit basic_string(__uninitialized_size_tag, size_type __size, const allocator_type& __a)
        -:  799:            : __r_(__default_init_tag(), __a) {
        -:  800:        if (__size > max_size())
        -:  801:            __throw_length_error();
        -:  802:        if (__fits_in_sso(__size)) {
        -:  803:            __r_.first() = __rep();
        -:  804:            __set_short_size(__size);
        -:  805:        } else {
        -:  806:            auto __capacity = __recommend(__size) + 1;
        -:  807:            auto __allocation = __alloc_traits::allocate(__alloc(), __capacity);
        -:  808:            __begin_lifetime(__allocation, __capacity);
        -:  809:            __set_long_cap(__capacity);
        -:  810:            __set_long_pointer(__allocation);
        -:  811:            __set_long_size(__size);
        -:  812:        }
        -:  813:        std::__debug_db_insert_c(this);
        -:  814:    }
        -:  815:
        -:  816:    _LIBCPP_HIDE_FROM_ABI _LIBCPP_CONSTEXPR_SINCE_CXX20 iterator __make_iterator(pointer __p) {
        -:  817:        return iterator(this, __p);
        -:  818:    }
        -:  819:
        -:  820:    _LIBCPP_HIDE_FROM_ABI _LIBCPP_CONSTEXPR_SINCE_CXX20 const_iterator __make_const_iterator(const_pointer __p) const {
        -:  821:        return const_iterator(this, __p);
        -:  822:    }
        -:  823:
        -:  824:public:
        -:  825:  _LIBCPP_TEMPLATE_DATA_VIS static const size_type npos = -1;
        -:  826:
        6:  827:  _LIBCPP_HIDE_FROM_ABI _LIBCPP_CONSTEXPR_SINCE_CXX20 basic_string()
        -:  828:      _NOEXCEPT_(is_nothrow_default_constructible<allocator_type>::value)
        6:  829:      : __r_(__default_init_tag(), __default_init_tag()) {
        3:  830:    std::__debug_db_insert_c(this);
        3:  831:    __default_init();
        6:  832:  }
        -:  833:
        -:  834:  _LIBCPP_HIDE_FROM_ABI _LIBCPP_CONSTEXPR_SINCE_CXX20 explicit basic_string(const allocator_type& __a)
        -:  835:#if _LIBCPP_STD_VER <= 14
        -:  836:      _NOEXCEPT_(is_nothrow_copy_constructible<allocator_type>::value)
        -:  837:#else
        -:  838:      _NOEXCEPT
        -:  839:#endif
        -:  840:      : __r_(__default_init_tag(), __a) {
        -:  841:    std::__debug_db_insert_c(this);
        -:  842:    __default_init();
        -:  843:  }
        -:  844:
        -:  845:  _LIBCPP_CONSTEXPR_SINCE_CXX20 basic_string(const basic_string& __str);
        -:  846:  _LIBCPP_CONSTEXPR_SINCE_CXX20 basic_string(const basic_string& __str, const allocator_type& __a);
        -:  847:
        -:  848:#ifndef _LIBCPP_CXX03_LANG
        -:  849:  _LIBCPP_HIDE_FROM_ABI _LIBCPP_CONSTEXPR_SINCE_CXX20 basic_string(basic_string&& __str)
        -:  850:#  if _LIBCPP_STD_VER <= 14
        -:  851:      _NOEXCEPT_(is_nothrow_move_constructible<allocator_type>::value)
        -:  852:#  else
        -:  853:      _NOEXCEPT
        -:  854:#  endif
        -:  855:      : __r_(std::move(__str.__r_)) {
        -:  856:    __str.__default_init();
        -:  857:    std::__debug_db_insert_c(this);
        -:  858:    if (__is_long())
        -:  859:      std::__debug_db_swap(this, &__str);
        -:  860:  }
        -:  861:
        -:  862:  _LIBCPP_HIDE_FROM_ABI _LIBCPP_CONSTEXPR_SINCE_CXX20 basic_string(basic_string&& __str, const allocator_type& __a)
        -:  863:      : __r_(__default_init_tag(), __a) {
        -:  864:    if (__str.__is_long() && __a != __str.__alloc()) // copy, not move
        -:  865:      __init(std::__to_address(__str.__get_long_pointer()), __str.__get_long_size());
        -:  866:    else {
        -:  867:      if (__libcpp_is_constant_evaluated())
        -:  868:        __r_.first() = __rep();
        -:  869:      __r_.first() = __str.__r_.first();
        -:  870:      __str.__default_init();
        -:  871:    }
        -:  872:    std::__debug_db_insert_c(this);
        -:  873:    if (__is_long())
        -:  874:      std::__debug_db_swap(this, &__str);
        -:  875:  }
        -:  876:#endif // _LIBCPP_CXX03_LANG
        -:  877:
        -:  878:  template <class = __enable_if_t<__is_allocator<_Allocator>::value, nullptr_t> >
        -:  879:  _LIBCPP_HIDE_FROM_ABI _LIBCPP_CONSTEXPR_SINCE_CXX20 basic_string(const _CharT* __s)
        -:  880:      : __r_(__default_init_tag(), __default_init_tag()) {
        -:  881:    _LIBCPP_ASSERT(__s != nullptr, "basic_string(const char*) detected nullptr");
        -:  882:    __init(__s, traits_type::length(__s));
        -:  883:    std::__debug_db_insert_c(this);
        -:  884:  }
        -:  885:
        -:  886:  template <class = __enable_if_t<__is_allocator<_Allocator>::value, nullptr_t> >
        -:  887:  _LIBCPP_HIDE_FROM_ABI _LIBCPP_CONSTEXPR_SINCE_CXX20 basic_string(const _CharT* __s, const _Allocator& __a);
        -:  888:
        -:  889:#if _LIBCPP_STD_VER > 20
        -:  890:  basic_string(nullptr_t) = delete;
        -:  891:#endif
        -:  892:
        -:  893:  _LIBCPP_HIDE_FROM_ABI _LIBCPP_CONSTEXPR_SINCE_CXX20 basic_string(const _CharT* __s, size_type __n)
        -:  894:      : __r_(__default_init_tag(), __default_init_tag()) {
        -:  895:    _LIBCPP_ASSERT(__n == 0 || __s != nullptr, "basic_string(const char*, n) detected nullptr");
        -:  896:    __init(__s, __n);
        -:  897:    std::__debug_db_insert_c(this);
        -:  898:  }
        -:  899:
        -:  900:  _LIBCPP_HIDE_FROM_ABI _LIBCPP_CONSTEXPR_SINCE_CXX20
        -:  901:  basic_string(const _CharT* __s, size_type __n, const _Allocator& __a)
        -:  902:      : __r_(__default_init_tag(), __a) {
        -:  903:    _LIBCPP_ASSERT(__n == 0 || __s != nullptr, "basic_string(const char*, n, allocator) detected nullptr");
        -:  904:    __init(__s, __n);
        -:  905:    std::__debug_db_insert_c(this);
        -:  906:  }
        -:  907:
    #####:  908:  _LIBCPP_HIDE_FROM_ABI _LIBCPP_CONSTEXPR_SINCE_CXX20 basic_string(size_type __n, _CharT __c)
    #####:  909:      : __r_(__default_init_tag(), __default_init_tag()) {
    #####:  910:    __init(__n, __c);
    #####:  911:    std::__debug_db_insert_c(this);
    #####:  912:  }
        -:  913:
        -:  914:#if _LIBCPP_STD_VER > 20
        -:  915:  _LIBCPP_HIDE_FROM_ABI constexpr
        -:  916:  basic_string(basic_string&& __str, size_type __pos, const _Allocator& __alloc = _Allocator())
        -:  917:      : basic_string(std::move(__str), __pos, npos, __alloc) {}
        -:  918:
        -:  919:  _LIBCPP_HIDE_FROM_ABI constexpr
        -:  920:  basic_string(basic_string&& __str, size_type __pos, size_type __n, const _Allocator& __alloc = _Allocator())
        -:  921:      : __r_(__default_init_tag(), __alloc) {
        -:  922:    if (__pos > __str.size())
        -:  923:      __throw_out_of_range();
        -:  924:
        -:  925:    auto __len = std::min<size_type>(__n, __str.size() - __pos);
        -:  926:    if (__alloc_traits::is_always_equal::value || __alloc == __str.__alloc()) {
        -:  927:      __r_.first() = __str.__r_.first();
        -:  928:      __str.__default_init();
        -:  929:
        -:  930:      _Traits::move(data(), data() + __pos, __len);
        -:  931:      __set_size(__len);
        -:  932:      _Traits::assign(data()[__len], value_type());
        -:  933:    } else {
        -:  934:      // Perform a copy because the allocators are not compatible.
        -:  935:      __init(__str.data() + __pos, __len);
        -:  936:    }
        -:  937:
        -:  938:    std::__debug_db_insert_c(this);
        -:  939:    if (__is_long())
        -:  940:      std::__debug_db_swap(this, &__str);
        -:  941:  }
        -:  942:#endif
        -:  943:
        -:  944:  template <class = __enable_if_t<__is_allocator<_Allocator>::value, nullptr_t> >
        -:  945:  _LIBCPP_HIDE_FROM_ABI _LIBCPP_CONSTEXPR_SINCE_CXX20 basic_string(size_type __n, _CharT __c, const _Allocator& __a);
        -:  946:
        -:  947:  _LIBCPP_CONSTEXPR_SINCE_CXX20
        -:  948:  basic_string(const basic_string& __str, size_type __pos, size_type __n, const _Allocator& __a = _Allocator());
        -:  949:
        -:  950:  _LIBCPP_HIDE_FROM_ABI _LIBCPP_CONSTEXPR_SINCE_CXX20
        -:  951:  basic_string(const basic_string& __str, size_type __pos, const _Allocator& __a = _Allocator())
        -:  952:      : __r_(__default_init_tag(), __a) {
        -:  953:    size_type __str_sz = __str.size();
        -:  954:    if (__pos > __str_sz)
        -:  955:      __throw_out_of_range();
        -:  956:    __init(__str.data() + __pos, __str_sz - __pos);
        -:  957:    std::__debug_db_insert_c(this);
        -:  958:  }
        -:  959:
        -:  960:  template <class _Tp,
        -:  961:            class = __enable_if_t<__can_be_converted_to_string_view<_CharT, _Traits, _Tp>::value &&
        -:  962:                                  !__is_same_uncvref<_Tp, basic_string>::value> >
        -:  963:  _LIBCPP_METHOD_TEMPLATE_IMPLICIT_INSTANTIATION_VIS _LIBCPP_CONSTEXPR_SINCE_CXX20
        -:  964:  basic_string(const _Tp& __t, size_type __pos, size_type __n, const allocator_type& __a = allocator_type());
        -:  965:
        -:  966:  template <class _Tp,
        -:  967:            class = __enable_if_t<__can_be_converted_to_string_view<_CharT, _Traits, _Tp>::value &&
        -:  968:                                  !__is_same_uncvref<_Tp, basic_string>::value> >
        -:  969:  _LIBCPP_METHOD_TEMPLATE_IMPLICIT_INSTANTIATION_VIS _LIBCPP_CONSTEXPR_SINCE_CXX20 explicit basic_string(
        -:  970:      const _Tp& __t);
        -:  971:
        -:  972:  template <class _Tp,
        -:  973:            class = __enable_if_t<__can_be_converted_to_string_view<_CharT, _Traits, _Tp>::value &&
        -:  974:                                  !__is_same_uncvref<_Tp, basic_string>::value> >
        -:  975:  _LIBCPP_METHOD_TEMPLATE_IMPLICIT_INSTANTIATION_VIS _LIBCPP_CONSTEXPR_SINCE_CXX20 explicit basic_string(
        -:  976:      const _Tp& __t, const allocator_type& __a);
        -:  977:
        -:  978:  template <class _InputIterator, class = __enable_if_t<__is_cpp17_input_iterator<_InputIterator>::value> >
        -:  979:  _LIBCPP_HIDE_FROM_ABI _LIBCPP_CONSTEXPR_SINCE_CXX20 basic_string(_InputIterator __first, _InputIterator __last)
        -:  980:      : __r_(__default_init_tag(), __default_init_tag()) {
        -:  981:    __init(__first, __last);
        -:  982:    std::__debug_db_insert_c(this);
        -:  983:  }
        -:  984:
        -:  985:  template <class _InputIterator, class = __enable_if_t<__is_cpp17_input_iterator<_InputIterator>::value> >
        -:  986:  _LIBCPP_HIDE_FROM_ABI _LIBCPP_CONSTEXPR_SINCE_CXX20
        -:  987:  basic_string(_InputIterator __first, _InputIterator __last, const allocator_type& __a)
        -:  988:      : __r_(__default_init_tag(), __a) {
        -:  989:    __init(__first, __last);
        -:  990:    std::__debug_db_insert_c(this);
        -:  991:  }
        -:  992:
        -:  993:#ifndef _LIBCPP_CXX03_LANG
        -:  994:  _LIBCPP_HIDE_FROM_ABI _LIBCPP_CONSTEXPR_SINCE_CXX20 basic_string(initializer_list<_CharT> __il)
        -:  995:      : __r_(__default_init_tag(), __default_init_tag()) {
        -:  996:    __init(__il.begin(), __il.end());
        -:  997:    std::__debug_db_insert_c(this);
        -:  998:  }
        -:  999:
        -: 1000:  _LIBCPP_HIDE_FROM_ABI _LIBCPP_CONSTEXPR_SINCE_CXX20 basic_string(initializer_list<_CharT> __il, const _Allocator& __a)
        -: 1001:      : __r_(__default_init_tag(), __a) {
        -: 1002:    __init(__il.begin(), __il.end());
        -: 1003:    std::__debug_db_insert_c(this);
        -: 1004:  }
        -: 1005:#endif // _LIBCPP_CXX03_LANG
        -: 1006:
        -: 1007:    inline _LIBCPP_CONSTEXPR_SINCE_CXX20 ~basic_string();
        -: 1008:
        -: 1009:    _LIBCPP_HIDE_FROM_ABI _LIBCPP_CONSTEXPR_SINCE_CXX20
        -: 1010:    operator __self_view() const _NOEXCEPT { return __self_view(data(), size()); }
        -: 1011:
        -: 1012:    _LIBCPP_CONSTEXPR_SINCE_CXX20 basic_string& operator=(const basic_string& __str);
        -: 1013:
        -: 1014:    template <class _Tp, class = __enable_if_t<__can_be_converted_to_string_view<_CharT, _Traits, _Tp>::value &&
        -: 1015:                                               !__is_same_uncvref<_Tp, basic_string>::value> >
        -: 1016:    _LIBCPP_CONSTEXPR_SINCE_CXX20 basic_string& operator=(const _Tp& __t) {
        -: 1017:      __self_view __sv = __t;
        -: 1018:      return assign(__sv);
        -: 1019:    }
        -: 1020:
        -: 1021:#ifndef _LIBCPP_CXX03_LANG
        -: 1022:  _LIBCPP_HIDE_FROM_ABI _LIBCPP_CONSTEXPR_SINCE_CXX20 basic_string& operator=(basic_string&& __str)
        -: 1023:      _NOEXCEPT_((__noexcept_move_assign_container<_Allocator, __alloc_traits>::value)) {
        -: 1024:    __move_assign(__str, integral_constant<bool, __alloc_traits::propagate_on_container_move_assignment::value>());
        -: 1025:    return *this;
        -: 1026:  }
        -: 1027:
        -: 1028:     _LIBCPP_HIDE_FROM_ABI _LIBCPP_CONSTEXPR_SINCE_CXX20
        -: 1029:    basic_string& operator=(initializer_list<value_type> __il) {return assign(__il.begin(), __il.size());}
        -: 1030:#endif
        -: 1031:    _LIBCPP_HIDE_FROM_ABI _LIBCPP_CONSTEXPR_SINCE_CXX20
        -: 1032:    basic_string& operator=(const value_type* __s) {return assign(__s);}
        -: 1033:#if _LIBCPP_STD_VER > 20
        -: 1034:    basic_string& operator=(nullptr_t) = delete;
        -: 1035:#endif
        -: 1036:    _LIBCPP_CONSTEXPR_SINCE_CXX20 basic_string& operator=(value_type __c);
        -: 1037:
        -: 1038:    _LIBCPP_HIDE_FROM_ABI _LIBCPP_CONSTEXPR_SINCE_CXX20
        -: 1039:    iterator begin() _NOEXCEPT
        -: 1040:        {return __make_iterator(__get_pointer());}
        -: 1041:    _LIBCPP_HIDE_FROM_ABI _LIBCPP_CONSTEXPR_SINCE_CXX20
        -: 1042:    const_iterator begin() const _NOEXCEPT
        -: 1043:        {return __make_const_iterator(__get_pointer());}
        -: 1044:    _LIBCPP_HIDE_FROM_ABI _LIBCPP_CONSTEXPR_SINCE_CXX20
        -: 1045:    iterator end() _NOEXCEPT
        -: 1046:        {return __make_iterator(__get_pointer() + size());}
        -: 1047:    _LIBCPP_HIDE_FROM_ABI _LIBCPP_CONSTEXPR_SINCE_CXX20
        -: 1048:    const_iterator end() const _NOEXCEPT
        -: 1049:        {return __make_const_iterator(__get_pointer() + size());}
        -: 1050:
        -: 1051:    _LIBCPP_HIDE_FROM_ABI _LIBCPP_CONSTEXPR_SINCE_CXX20
        -: 1052:    reverse_iterator rbegin() _NOEXCEPT
        -: 1053:        {return reverse_iterator(end());}
        -: 1054:    _LIBCPP_HIDE_FROM_ABI _LIBCPP_CONSTEXPR_SINCE_CXX20
        -: 1055:    const_reverse_iterator rbegin() const _NOEXCEPT
        -: 1056:        {return const_reverse_iterator(end());}
        -: 1057:    _LIBCPP_HIDE_FROM_ABI _LIBCPP_CONSTEXPR_SINCE_CXX20
        -: 1058:    reverse_iterator rend() _NOEXCEPT
        -: 1059:        {return reverse_iterator(begin());}
        -: 1060:    _LIBCPP_HIDE_FROM_ABI _LIBCPP_CONSTEXPR_SINCE_CXX20
        -: 1061:    const_reverse_iterator rend() const _NOEXCEPT
        -: 1062:        {return const_reverse_iterator(begin());}
        -: 1063:
        -: 1064:    _LIBCPP_HIDE_FROM_ABI _LIBCPP_CONSTEXPR_SINCE_CXX20
        -: 1065:    const_iterator cbegin() const _NOEXCEPT
        -: 1066:        {return begin();}
        -: 1067:    _LIBCPP_HIDE_FROM_ABI _LIBCPP_CONSTEXPR_SINCE_CXX20
        -: 1068:    const_iterator cend() const _NOEXCEPT
        -: 1069:        {return end();}
        -: 1070:    _LIBCPP_HIDE_FROM_ABI _LIBCPP_CONSTEXPR_SINCE_CXX20
        -: 1071:    const_reverse_iterator crbegin() const _NOEXCEPT
        -: 1072:        {return rbegin();}
        -: 1073:    _LIBCPP_HIDE_FROM_ABI _LIBCPP_CONSTEXPR_SINCE_CXX20
        -: 1074:    const_reverse_iterator crend() const _NOEXCEPT
        -: 1075:        {return rend();}
        -: 1076:
       91: 1077:    _LIBCPP_HIDE_FROM_ABI _LIBCPP_CONSTEXPR_SINCE_CXX20 size_type size() const _NOEXCEPT
       91: 1078:        {return __is_long() ? __get_long_size() : __get_short_size();}
        8: 1079:    _LIBCPP_HIDE_FROM_ABI _LIBCPP_CONSTEXPR_SINCE_CXX20 size_type length() const _NOEXCEPT {return size();}
        -: 1080:
       75: 1081:  _LIBCPP_HIDE_FROM_ABI _LIBCPP_CONSTEXPR_SINCE_CXX20 size_type max_size() const _NOEXCEPT {
       75: 1082:    size_type __m = __alloc_traits::max_size(__alloc());
       75: 1083:    if (__m <= std::numeric_limits<size_type>::max() / 2) {
    #####: 1084:      return __m - __alignment;
        -: 1085:    } else {
       75: 1086:    bool __uses_lsb = __endian_factor == 2;
       75: 1087:      return __uses_lsb ? __m - __alignment : (__m / 2) - __alignment;
        -: 1088:    }
       75: 1089:  }
        -: 1090:
        -: 1091:    _LIBCPP_HIDE_FROM_ABI _LIBCPP_CONSTEXPR_SINCE_CXX20 size_type capacity() const _NOEXCEPT {
        -: 1092:        return (__is_long() ? __get_long_cap() : static_cast<size_type>(__min_cap)) - 1;
        -: 1093:    }
        -: 1094:
        -: 1095:    _LIBCPP_CONSTEXPR_SINCE_CXX20 void resize(size_type __n, value_type __c);
        -: 1096:    _LIBCPP_HIDE_FROM_ABI _LIBCPP_CONSTEXPR_SINCE_CXX20 void resize(size_type __n) { resize(__n, value_type()); }
        -: 1097:
        -: 1098:    _LIBCPP_CONSTEXPR_SINCE_CXX20 void reserve(size_type __requested_capacity);
        -: 1099:
        -: 1100:#if _LIBCPP_STD_VER > 20
        -: 1101:    template <class _Op>
        -: 1102:    _LIBCPP_HIDE_FROM_ABI constexpr
        -: 1103:    void resize_and_overwrite(size_type __n, _Op __op) {
        -: 1104:      __resize_default_init(__n);
        -: 1105:      __erase_to_end(std::move(__op)(data(), _LIBCPP_AUTO_CAST(__n)));
        -: 1106:    }
        -: 1107:#endif
        -: 1108:
        -: 1109:    _LIBCPP_HIDE_FROM_ABI _LIBCPP_CONSTEXPR_SINCE_CXX20 void __resize_default_init(size_type __n);
        -: 1110:
        -: 1111:    _LIBCPP_DEPRECATED_IN_CXX20 _LIBCPP_HIDE_FROM_ABI void reserve() _NOEXCEPT { shrink_to_fit(); }
        -: 1112:    _LIBCPP_HIDE_FROM_ABI _LIBCPP_CONSTEXPR_SINCE_CXX20 void shrink_to_fit() _NOEXCEPT;
        -: 1113:    _LIBCPP_HIDE_FROM_ABI _LIBCPP_CONSTEXPR_SINCE_CXX20 void clear() _NOEXCEPT;
        -: 1114:
        -: 1115:    _LIBCPP_NODISCARD_AFTER_CXX17 _LIBCPP_HIDE_FROM_ABI _LIBCPP_CONSTEXPR_SINCE_CXX20
        -: 1116:    bool empty() const _NOEXCEPT {return size() == 0;}
        -: 1117:
        -: 1118:  _LIBCPP_HIDE_FROM_ABI _LIBCPP_CONSTEXPR_SINCE_CXX20 const_reference operator[](size_type __pos) const _NOEXCEPT {
        -: 1119:    _LIBCPP_ASSERT(__pos <= size(), "string index out of bounds");
        -: 1120:    return *(data() + __pos);
        -: 1121:  }
        -: 1122:
        -: 1123:  _LIBCPP_HIDE_FROM_ABI _LIBCPP_CONSTEXPR_SINCE_CXX20 reference operator[](size_type __pos) _NOEXCEPT {
        -: 1124:    _LIBCPP_ASSERT(__pos <= size(), "string index out of bounds");
        -: 1125:    return *(__get_pointer() + __pos);
        -: 1126:  }
        -: 1127:
        -: 1128:    _LIBCPP_CONSTEXPR_SINCE_CXX20 const_reference at(size_type __n) const;
        -: 1129:    _LIBCPP_CONSTEXPR_SINCE_CXX20 reference       at(size_type __n);
        -: 1130:
        -: 1131:    _LIBCPP_HIDE_FROM_ABI _LIBCPP_CONSTEXPR_SINCE_CXX20 basic_string& operator+=(const basic_string& __str) {
        -: 1132:        return append(__str);
        -: 1133:    }
        -: 1134:
        -: 1135:    template <class _Tp>
        -: 1136:    _LIBCPP_METHOD_TEMPLATE_IMPLICIT_INSTANTIATION_VIS _LIBCPP_CONSTEXPR_SINCE_CXX20
        -: 1137:    __enable_if_t
        -: 1138:        <
        -: 1139:            __can_be_converted_to_string_view<_CharT, _Traits, _Tp>::value
        -: 1140:            && !__is_same_uncvref<_Tp, basic_string >::value,
        -: 1141:            basic_string&
        -: 1142:        >
        -: 1143:    operator+=(const _Tp& __t) {
        -: 1144:        __self_view __sv = __t; return append(__sv);
        -: 1145:    }
        -: 1146:
        -: 1147:    _LIBCPP_HIDE_FROM_ABI _LIBCPP_CONSTEXPR_SINCE_CXX20 basic_string& operator+=(const value_type* __s) {
        -: 1148:        return append(__s);
        -: 1149:    }
        -: 1150:
        -: 1151:    _LIBCPP_HIDE_FROM_ABI _LIBCPP_CONSTEXPR_SINCE_CXX20 basic_string& operator+=(value_type __c) {
        -: 1152:        push_back(__c);
        -: 1153:        return *this;
        -: 1154:    }
        -: 1155:
        -: 1156:#ifndef _LIBCPP_CXX03_LANG
        -: 1157:    _LIBCPP_HIDE_FROM_ABI _LIBCPP_CONSTEXPR_SINCE_CXX20
        -: 1158:    basic_string& operator+=(initializer_list<value_type> __il) { return append(__il); }
        -: 1159:#endif // _LIBCPP_CXX03_LANG
        -: 1160:
        -: 1161:  _LIBCPP_HIDE_FROM_ABI _LIBCPP_CONSTEXPR_SINCE_CXX20 basic_string& append(const basic_string& __str) {
        -: 1162:        return append(__str.data(), __str.size());
        -: 1163:  }
        -: 1164:
        -: 1165:    template <class _Tp>
        -: 1166:    _LIBCPP_METHOD_TEMPLATE_IMPLICIT_INSTANTIATION_VIS _LIBCPP_CONSTEXPR_SINCE_CXX20
        -: 1167:    __enable_if_t<
        -: 1168:            __can_be_converted_to_string_view<_CharT, _Traits, _Tp>::value
        -: 1169:            && !__is_same_uncvref<_Tp, basic_string>::value,
        -: 1170:            basic_string&
        -: 1171:        >
        -: 1172:                  append(const _Tp& __t) { __self_view __sv = __t; return append(__sv.data(), __sv.size()); }
[...]
        -: 4271:    return __r;
        -: 4272:}
        -: 4273:
        -: 4274:template<class _CharT, class _Traits, class _Allocator>
        -: 4275:_LIBCPP_HIDE_FROM_ABI _LIBCPP_CONSTEXPR_SINCE_CXX20
        -: 4276:basic_string<_CharT, _Traits, _Allocator>
        -: 4277:operator+(_CharT __lhs, const basic_string<_CharT,_Traits,_Allocator>& __rhs)
        -: 4278:{
        -: 4279:    using _String = basic_string<_CharT, _Traits, _Allocator>;
        -: 4280:    typename _String::size_type __rhs_sz = __rhs.size();
        -: 4281:    _String __r(__uninitialized_size_tag(),
        -: 4282:                __rhs_sz + 1,
        -: 4283:                _String::__alloc_traits::select_on_container_copy_construction(__rhs.get_allocator()));
        -: 4284:    auto __ptr = std::__to_address(__r.__get_pointer());
        -: 4285:    _Traits::assign(__ptr, 1, __lhs);
        -: 4286:    _Traits::copy(__ptr + 1, __rhs.data(), __rhs_sz);
        -: 4287:    _Traits::assign(__ptr + 1 + __rhs_sz, 1, _CharT());
        -: 4288:    return __r;
        -: 4289:}
        -: 4290:
        -: 4291:template<class _CharT, class _Traits, class _Allocator>
        -: 4292:inline _LIBCPP_CONSTEXPR_SINCE_CXX20
        -: 4293:basic_string<_CharT, _Traits, _Allocator>
        -: 4294:operator+(const basic_string<_CharT, _Traits, _Allocator>& __lhs, const _CharT* __rhs)
        -: 4295:{
        -: 4296:    using _String = basic_string<_CharT, _Traits, _Allocator>;
        -: 4297:    typename _String::size_type __lhs_sz = __lhs.size();
        -: 4298:    typename _String::size_type __rhs_sz = _Traits::length(__rhs);
        -: 4299:    _String __r(__uninitialized_size_tag(),
        -: 4300:                __lhs_sz + __rhs_sz,
        -: 4301:                _String::__alloc_traits::select_on_container_copy_construction(__lhs.get_allocator()));
        -: 4302:    auto __ptr = std::__to_address(__r.__get_pointer());
        -: 4303:    _Traits::copy(__ptr, __lhs.data(), __lhs_sz);
        -: 4304:    _Traits::copy(__ptr + __lhs_sz, __rhs, __rhs_sz);
        -: 4305:    _Traits::assign(__ptr + __lhs_sz + __rhs_sz, 1, _CharT());
        -: 4306:    return __r;
        -: 4307:}
        -: 4308:
        -: 4309:template<class _CharT, class _Traits, class _Allocator>
        -: 4310:_LIBCPP_HIDE_FROM_ABI _LIBCPP_CONSTEXPR_SINCE_CXX20
        -: 4311:basic_string<_CharT, _Traits, _Allocator>
        -: 4312:operator+(const basic_string<_CharT, _Traits, _Allocator>& __lhs, _CharT __rhs)
        -: 4313:{
        -: 4314:    using _String = basic_string<_CharT, _Traits, _Allocator>;
        -: 4315:    typename _String::size_type __lhs_sz = __lhs.size();
        -: 4316:    _String __r(__uninitialized_size_tag(),
        -: 4317:                __lhs_sz + 1,
        -: 4318:                _String::__alloc_traits::select_on_container_copy_construction(__lhs.get_allocator()));
        -: 4319:    auto __ptr = std::__to_address(__r.__get_pointer());
        -: 4320:    _Traits::copy(__ptr, __lhs.data(), __lhs_sz);
        -: 4321:    _Traits::assign(__ptr + __lhs_sz, 1, __rhs);
        -: 4322:    _Traits::assign(__ptr + 1 + __lhs_sz, 1, _CharT());
        -: 4323:    return __r;
        -: 4324:}
        -: 4325:
        -: 4326:#ifndef _LIBCPP_CXX03_LANG
        -: 4327:
        -: 4328:template<class _CharT, class _Traits, class _Allocator>
        -: 4329:inline _LIBCPP_HIDE_FROM_ABI _LIBCPP_CONSTEXPR_SINCE_CXX20
        -: 4330:basic_string<_CharT, _Traits, _Allocator>
        -: 4331:operator+(basic_string<_CharT, _Traits, _Allocator>&& __lhs, const basic_string<_CharT, _Traits, _Allocator>& __rhs)
        -: 4332:{
        -: 4333:    return std::move(__lhs.append(__rhs));
        -: 4334:}
        -: 4335:
        -: 4336:template<class _CharT, class _Traits, class _Allocator>
        -: 4337:inline _LIBCPP_HIDE_FROM_ABI _LIBCPP_CONSTEXPR_SINCE_CXX20
        -: 4338:basic_string<_CharT, _Traits, _Allocator>
        -: 4339:operator+(const basic_string<_CharT, _Traits, _Allocator>& __lhs, basic_string<_CharT, _Traits, _Allocator>&& __rhs)
        -: 4340:{
        -: 4341:    return std::move(__rhs.insert(0, __lhs));
        -: 4342:}
        -: 4343:
        -: 4344:template<class _CharT, class _Traits, class _Allocator>
        -: 4345:inline _LIBCPP_HIDE_FROM_ABI _LIBCPP_CONSTEXPR_SINCE_CXX20
        -: 4346:basic_string<_CharT, _Traits, _Allocator>
        -: 4347:operator+(basic_string<_CharT, _Traits, _Allocator>&& __lhs, basic_string<_CharT, _Traits, _Allocator>&& __rhs)
        -: 4348:{
        -: 4349:    return std::move(__lhs.append(__rhs));
        -: 4350:}
        -: 4351:
        -: 4352:template<class _CharT, class _Traits, class _Allocator>
        -: 4353:inline _LIBCPP_HIDE_FROM_ABI _LIBCPP_CONSTEXPR_SINCE_CXX20
        -: 4354:basic_string<_CharT, _Traits, _Allocator>
        -: 4355:operator+(const _CharT* __lhs , basic_string<_CharT,_Traits,_Allocator>&& __rhs)
        -: 4356:{
        -: 4357:    return std::move(__rhs.insert(0, __lhs));
        -: 4358:}
        -: 4359:
        -: 4360:template<class _CharT, class _Traits, class _Allocator>
        -: 4361:inline _LIBCPP_HIDE_FROM_ABI _LIBCPP_CONSTEXPR_SINCE_CXX20
        -: 4362:basic_string<_CharT, _Traits, _Allocator>
        -: 4363:operator+(_CharT __lhs, basic_string<_CharT,_Traits,_Allocator>&& __rhs)
        -: 4364:{
        -: 4365:    __rhs.insert(__rhs.begin(), __lhs);
        -: 4366:    return std::move(__rhs);
        -: 4367:}
        -: 4368:
        -: 4369:template<class _CharT, class _Traits, class _Allocator>
        -: 4370:inline _LIBCPP_HIDE_FROM_ABI _LIBCPP_CONSTEXPR_SINCE_CXX20
        -: 4371:basic_string<_CharT, _Traits, _Allocator>
        -: 4372:operator+(basic_string<_CharT, _Traits, _Allocator>&& __lhs, const _CharT* __rhs)
        -: 4373:{
        -: 4374:    return std::move(__lhs.append(__rhs));
        -: 4375:}
        -: 4376:
        -: 4377:template<class _CharT, class _Traits, class _Allocator>
        -: 4378:inline _LIBCPP_HIDE_FROM_ABI _LIBCPP_CONSTEXPR_SINCE_CXX20
        -: 4379:basic_string<_CharT, _Traits, _Allocator>
        -: 4380:operator+(basic_string<_CharT, _Traits, _Allocator>&& __lhs, _CharT __rhs)
        -: 4381:{
        -: 4382:    __lhs.push_back(__rhs);
        -: 4383:    return std::move(__lhs);
        -: 4384:}
        -: 4385:
        -: 4386:#endif // _LIBCPP_CXX03_LANG
        -: 4387:
        -: 4388:// swap
        -: 4389:
        -: 4390:template<class _CharT, class _Traits, class _Allocator>
        -: 4391:inline _LIBCPP_HIDE_FROM_ABI _LIBCPP_CONSTEXPR_SINCE_CXX20
        -: 4392:void
        -: 4393:swap(basic_string<_CharT, _Traits, _Allocator>& __lhs,
        -: 4394:     basic_string<_CharT, _Traits, _Allocator>& __rhs)
        -: 4395:     _NOEXCEPT_(_NOEXCEPT_(__lhs.swap(__rhs)))
        -: 4396:{
        -: 4397:    __lhs.swap(__rhs);
        -: 4398:}
        -: 4399:
        -: 4400:_LIBCPP_FUNC_VIS int                stoi  (const string& __str, size_t* __idx = nullptr, int __base = 10);
        -: 4401:_LIBCPP_FUNC_VIS long               stol  (const string& __str, size_t* __idx = nullptr, int __base = 10);
        -: 4402:_LIBCPP_FUNC_VIS unsigned long      stoul (const string& __str, size_t* __idx = nullptr, int __base = 10);
        -: 4403:_LIBCPP_FUNC_VIS long long          stoll (const string& __str, size_t* __idx = nullptr, int __base = 10);
        -: 4404:_LIBCPP_FUNC_VIS unsigned long long stoull(const string& __str, size_t* __idx = nullptr, int __base = 10);
        -: 4405:
        -: 4406:_LIBCPP_FUNC_VIS float       stof (const string& __str, size_t* __idx = nullptr);
        -: 4407:_LIBCPP_FUNC_VIS double      stod (const string& __str, size_t* __idx = nullptr);
        -: 4408:_LIBCPP_FUNC_VIS long double stold(const string& __str, size_t* __idx = nullptr);
        -: 4409:
        -: 4410:_LIBCPP_FUNC_VIS string to_string(int __val);
        -: 4411:_LIBCPP_FUNC_VIS string to_string(unsigned __val);
        -: 4412:_LIBCPP_FUNC_VIS string to_string(long __val);
        -: 4413:_LIBCPP_FUNC_VIS string to_string(unsigned long __val);
        -: 4414:_LIBCPP_FUNC_VIS string to_string(long long __val);
        -: 4415:_LIBCPP_FUNC_VIS string to_string(unsigned long long __val);
        -: 4416:_LIBCPP_FUNC_VIS string to_string(float __val);
        -: 4417:_LIBCPP_FUNC_VIS string to_string(double __val);
        -: 4418:_LIBCPP_FUNC_VIS string to_string(long double __val);
        -: 4419:
        -: 4420:#ifndef _LIBCPP_HAS_NO_WIDE_CHARACTERS
        -: 4421:_LIBCPP_FUNC_VIS int                stoi  (const wstring& __str, size_t* __idx = nullptr, int __base = 10);
        -: 4422:_LIBCPP_FUNC_VIS long               stol  (const wstring& __str, size_t* __idx = nullptr, int __base = 10);
        -: 4423:_LIBCPP_FUNC_VIS unsigned long      stoul (const wstring& __str, size_t* __idx = nullptr, int __base = 10);
        -: 4424:_LIBCPP_FUNC_VIS long long          stoll (const wstring& __str, size_t* __idx = nullptr, int __base = 10);
        -: 4425:_LIBCPP_FUNC_VIS unsigned long long stoull(const wstring& __str, size_t* __idx = nullptr, int __base = 10);
        -: 4426:
        -: 4427:_LIBCPP_FUNC_VIS float       stof (const wstring& __str, size_t* __idx = nullptr);
        -: 4428:_LIBCPP_FUNC_VIS double      stod (const wstring& __str, size_t* __idx = nullptr);
        -: 4429:_LIBCPP_FUNC_VIS long double stold(const wstring& __str, size_t* __idx = nullptr);
        -: 4430:
        -: 4431:_LIBCPP_FUNC_VIS wstring to_wstring(int __val);
        -: 4432:_LIBCPP_FUNC_VIS wstring to_wstring(unsigned __val);
        -: 4433:_LIBCPP_FUNC_VIS wstring to_wstring(long __val);
        -: 4434:_LIBCPP_FUNC_VIS wstring to_wstring(unsigned long __val);
        -: 4435:_LIBCPP_FUNC_VIS wstring to_wstring(long long __val);
        -: 4436:_LIBCPP_FUNC_VIS wstring to_wstring(unsigned long long __val);
        -: 4437:_LIBCPP_FUNC_VIS wstring to_wstring(float __val);
        -: 4438:_LIBCPP_FUNC_VIS wstring to_wstring(double __val);
        -: 4439:_LIBCPP_FUNC_VIS wstring to_wstring(long double __val);
        -: 4440:#endif // _LIBCPP_HAS_NO_WIDE_CHARACTERS
        -: 4441:
        -: 4442:template<class _CharT, class _Traits, class _Allocator>
        -: 4443:_LIBCPP_TEMPLATE_DATA_VIS
        -: 4444:const typename basic_string<_CharT, _Traits, _Allocator>::size_type
        -: 4445:               basic_string<_CharT, _Traits, _Allocator>::npos;
        -: 4446:
        -: 4447:template <class _CharT, class _Allocator>
        -: 4448:struct __string_hash : public __unary_function<basic_string<_CharT, char_traits<_CharT>, _Allocator>, size_t>
        -: 4449:{
        -: 4450:    size_t
        -: 4451:    operator()(const basic_string<_CharT, char_traits<_CharT>, _Allocator>& __val) const _NOEXCEPT
        -: 4452:    { return std::__do_string_hash(__val.data(), __val.data() + __val.size()); }
        -: 4453:};
        -: 4454:
        -: 4455:template <class _Allocator>
        -: 4456:struct hash<basic_string<char, char_traits<char>, _Allocator> > : __string_hash<char, _Allocator> {};
        -: 4457:
        -: 4458:#ifndef _LIBCPP_HAS_NO_CHAR8_T
        -: 4459:template <class _Allocator>
        -: 4460:struct hash<basic_string<char8_t, char_traits<char8_t>, _Allocator> > : __string_hash<char8_t, _Allocator> {};
        -: 4461:#endif
        -: 4462:
        -: 4463:template <class _Allocator>
        -: 4464:struct hash<basic_string<char16_t, char_traits<char16_t>, _Allocator> > : __string_hash<char16_t, _Allocator> {};
        -: 4465:
        -: 4466:template <class _Allocator>
        -: 4467:struct hash<basic_string<char32_t, char_traits<char32_t>, _Allocator> > : __string_hash<char32_t, _Allocator> {};
        -: 4468:
        -: 4469:#ifndef _LIBCPP_HAS_NO_WIDE_CHARACTERS
        -: 4470:template <class _Allocator>
        -: 4471:struct hash<basic_string<wchar_t, char_traits<wchar_t>, _Allocator> > : __string_hash<wchar_t, _Allocator> {};
        -: 4472:#endif
        -: 4473:
        -: 4474:template<class _CharT, class _Traits, class _Allocator>
        -: 4475:_LIBCPP_HIDE_FROM_ABI basic_ostream<_CharT, _Traits>&
        -: 4476:operator<<(basic_ostream<_CharT, _Traits>& __os,
        -: 4477:           const basic_string<_CharT, _Traits, _Allocator>& __str);
        -: 4478:
        -: 4479:template<class _CharT, class _Traits, class _Allocator>
        -: 4480:_LIBCPP_HIDE_FROM_ABI basic_istream<_CharT, _Traits>&
        -: 4481:operator>>(basic_istream<_CharT, _Traits>& __is,
        -: 4482:           basic_string<_CharT, _Traits, _Allocator>& __str);
        -: 4483:
        -: 4484:template<class _CharT, class _Traits, class _Allocator>
        -: 4485:_LIBCPP_HIDE_FROM_ABI basic_istream<_CharT, _Traits>&
        -: 4486:getline(basic_istream<_CharT, _Traits>& __is,
        -: 4487:        basic_string<_CharT, _Traits, _Allocator>& __str, _CharT __dlm);
        -: 4488:
        -: 4489:template<class _CharT, class _Traits, class _Allocator>
        -: 4490:inline _LIBCPP_HIDE_FROM_ABI
        -: 4491:basic_istream<_CharT, _Traits>&
        -: 4492:getline(basic_istream<_CharT, _Traits>& __is,
        -: 4493:        basic_string<_CharT, _Traits, _Allocator>& __str);
        -: 4494:
        -: 4495:template<class _CharT, class _Traits, class _Allocator>
        -: 4496:inline _LIBCPP_HIDE_FROM_ABI
        -: 4497:basic_istream<_CharT, _Traits>&
        -: 4498:getline(basic_istream<_CharT, _Traits>&& __is,
        -: 4499:        basic_string<_CharT, _Traits, _Allocator>& __str, _CharT __dlm);
        -: 4500:
        -: 4501:template<class _CharT, class _Traits, class _Allocator>
        -: 4502:inline _LIBCPP_HIDE_FROM_ABI
        -: 4503:basic_istream<_CharT, _Traits>&
        -: 4504:getline(basic_istream<_CharT, _Traits>&& __is,
        -: 4505:        basic_string<_CharT, _Traits, _Allocator>& __str);
        -: 4506:
        -: 4507:#if _LIBCPP_STD_VER > 17
        -: 4508:template <class _CharT, class _Traits, class _Allocator, class _Up>
        -: 4509:inline _LIBCPP_HIDE_FROM_ABI
        -: 4510:    typename basic_string<_CharT, _Traits, _Allocator>::size_type
        -: 4511:    erase(basic_string<_CharT, _Traits, _Allocator>& __str, const _Up& __v) {
        -: 4512:  auto __old_size = __str.size();
        -: 4513:  __str.erase(std::remove(__str.begin(), __str.end(), __v), __str.end());
        -: 4514:  return __old_size - __str.size();
        -: 4515:}
        -: 4516:
        -: 4517:template <class _CharT, class _Traits, class _Allocator, class _Predicate>
        -: 4518:inline _LIBCPP_HIDE_FROM_ABI
        -: 4519:    typename basic_string<_CharT, _Traits, _Allocator>::size_type
        -: 4520:    erase_if(basic_string<_CharT, _Traits, _Allocator>& __str,
        -: 4521:             _Predicate __pred) {
        -: 4522:  auto __old_size = __str.size();
        -: 4523:  __str.erase(std::remove_if(__str.begin(), __str.end(), __pred),
        -: 4524:              __str.end());
        -: 4525:  return __old_size - __str.size();
        -: 4526:}
        -: 4527:#endif
        -: 4528:
        -: 4529:#ifdef _LIBCPP_ENABLE_DEBUG_MODE
        -: 4530:
        -: 4531:template<class _CharT, class _Traits, class _Allocator>
        -: 4532:bool
        -: 4533:basic_string<_CharT, _Traits, _Allocator>::__dereferenceable(const const_iterator* __i) const
        -: 4534:{
        -: 4535:    return data() <= std::__to_address(__i->base()) &&
        -: 4536:           std::__to_address(__i->base()) < data() + size();
        -: 4537:}
        -: 4538:
        -: 4539:template<class _CharT, class _Traits, class _Allocator>
        -: 4540:bool
        -: 4541:basic_string<_CharT, _Traits, _Allocator>::__decrementable(const const_iterator* __i) const
        -: 4542:{
        -: 4543:    return data() < std::__to_address(__i->base()) &&
        -: 4544:           std::__to_address(__i->base()) <= data() + size();
        -: 4545:}
        -: 4546:
        -: 4547:template<class _CharT, class _Traits, class _Allocator>
        -: 4548:bool
        -: 4549:basic_string<_CharT, _Traits, _Allocator>::__addable(const const_iterator* __i, ptrdiff_t __n) const
        -: 4550:{
        -: 4551:    const value_type* __p = std::__to_address(__i->base()) + __n;
        -: 4552:    return data() <= __p && __p <= data() + size();
        -: 4553:}
        -: 4554:
        -: 4555:template<class _CharT, class _Traits, class _Allocator>
        -: 4556:bool
        -: 4557:basic_string<_CharT, _Traits, _Allocator>::__subscriptable(const const_iterator* __i, ptrdiff_t __n) const
        -: 4558:{
        -: 4559:    const value_type* __p = std::__to_address(__i->base()) + __n;
        -: 4560:    return data() <= __p && __p < data() + size();
        -: 4561:}
        -: 4562:
        -: 4563:#endif // _LIBCPP_ENABLE_DEBUG_MODE
        -: 4564:
        -: 4565:#if _LIBCPP_STD_VER > 11
        -: 4566:// Literal suffixes for basic_string [basic.string.literals]
        -: 4567:inline namespace literals
        -: 4568:{
        -: 4569:  inline namespace string_literals
        -: 4570:  {
        -: 4571:    inline _LIBCPP_HIDE_FROM_ABI _LIBCPP_CONSTEXPR_SINCE_CXX20
        -: 4572:    basic_string<char> operator "" s( const char *__str, size_t __len )
        -: 4573:    {
        -: 4574:        return basic_string<char> (__str, __len);
        -: 4575:    }
        -: 4576:
        -: 4577:#ifndef _LIBCPP_HAS_NO_WIDE_CHARACTERS
        -: 4578:    inline _LIBCPP_HIDE_FROM_ABI _LIBCPP_CONSTEXPR_SINCE_CXX20
        -: 4579:    basic_string<wchar_t> operator "" s( const wchar_t *__str, size_t __len )
        -: 4580:    {
        -: 4581:        return basic_string<wchar_t> (__str, __len);
        -: 4582:    }
        -: 4583:#endif
        -: 4584:
        -: 4585:#ifndef _LIBCPP_HAS_NO_CHAR8_T
        -: 4586:    inline _LIBCPP_HIDE_FROM_ABI constexpr
        -: 4587:    basic_string<char8_t> operator "" s(const char8_t *__str, size_t __len)
        -: 4588:    {
        -: 4589:        return basic_string<char8_t> (__str, __len);
        -: 4590:    }
        -: 4591:#endif
        -: 4592:
        -: 4593:    inline _LIBCPP_HIDE_FROM_ABI _LIBCPP_CONSTEXPR_SINCE_CXX20
        -: 4594:    basic_string<char16_t> operator "" s( const char16_t *__str, size_t __len )
        -: 4595:    {
        -: 4596:        return basic_string<char16_t> (__str, __len);
        -: 4597:    }
        -: 4598:
        -: 4599:    inline _LIBCPP_HIDE_FROM_ABI _LIBCPP_CONSTEXPR_SINCE_CXX20
        -: 4600:    basic_string<char32_t> operator "" s( const char32_t *__str, size_t __len )
        -: 4601:    {
        -: 4602:        return basic_string<char32_t> (__str, __len);
        -: 4603:    }
        -: 4604:  } // namespace string_literals
        -: 4605:} // namespace literals
        -: 4606:
        -: 4607:#if _LIBCPP_STD_VER > 17
        -: 4608:template <>
        -: 4609:inline constexpr bool __format::__enable_insertable<std::basic_string<char>> = true;
        -: 4610:#ifndef _LIBCPP_HAS_NO_WIDE_CHARACTERS
        -: 4611:template <>
        -: 4612:inline constexpr bool __format::__enable_insertable<std::basic_string<wchar_t>> = true;
        -: 4613:#endif
        -: 4614:#endif
        -: 4615:
        -: 4616:#endif
        -: 4617:
        -: 4618:_LIBCPP_END_NAMESPACE_STD
        -: 4619:
        -: 4620:_LIBCPP_POP_MACROS
        -: 4621:
        -: 4622:#if !defined(_LIBCPP_REMOVE_TRANSITIVE_INCLUDES) && _LIBCPP_STD_VER <= 20
        -: 4623:#  include <algorithm>
        -: 4624:#  include <concepts>
        -: 4625:#  include <functional>
        -: 4626:#  include <iterator>
        -: 4627:#  include <new>
        -: 4628:#  include <typeinfo>
        -: 4629:#  include <utility>
        -: 4630:#  include <vector>
        -: 4631:#endif
        -: 4632:
        -: 4633:#endif // _LIBCPP_STRING
